<?xml version="1.0" encoding="utf-8"?><testsuites name="pytest tests"><testsuite name="pytest" errors="0" failures="0" skipped="0" tests="12" time="3.321" timestamp="2026-09-18T13:00:28.840034+00:00" hostname="agent-env-5942d45e-2ab0-4eef-b290-2dac678272d6"><testcase classname="tests.backend_test" name="test_file_upload_and_fetch" time="0.455" /><testcase classname="tests.backend_test" name="test_file_not_found" time="0.078" /><testcase classname="tests.backend_test" name="test_create_order" time="0.247" /><testcase classname="tests.backend_test" name="test_list_orders" time="0.092" /><testcase classname="tests.backend_test" name="test_customer_lookup" time="0.087" /><testcase classname="tests.backend_test" name="test_customer_lookup_not_found" time="0.074" /><testcase classname="tests.backend_test" name="test_stage_ordered_makes_partially" time="0.190" /><testcase classname="tests.backend_test" name="test_dispatch_requires_lr" time="0.176" /><testcase classname="tests.backend_test" name="test_full_stage_progression_and_payment" time="1.032" /><testcase classname="tests.backend_test" name="test_payments_overview_places_in_archive" time="0.076" /><testcase classname="tests.backend_test" name="test_customers_list" time="0.073" /><testcase classname="tests.backend_test" name="test_archive_endpoint_ok" time="0.205" /></testsuite></testsuites>